This is pdfTeX, Version 3.14159265-2.6-1.40.20 (TeX Live 2019/Debian) (preloaded format=pdflatex 2021.4.14)  15 APR 2021 02:37
entering extended mode
 restricted \write18 enabled.
 %&-line parsing enabled.
**Assignment1.tex
(./Assignment1.tex
LaTeX2e <2020-02-02> patch level 2
L3 programming layer <2020-02-14>
(/usr/share/texlive/texmf-dist/tex/latex/base/article.cls
Document Class: article 2019/12/20 v1.4l Standard LaTeX document class
(/usr/share/texlive/texmf-dist/tex/latex/base/size12.clo
File: size12.clo 2019/12/20 v1.4l Standard LaTeX file (size option)
)
\c@part=\count167
\c@section=\count168
\c@subsection=\count169
\c@subsubsection=\count170
\c@paragraph=\count171
\c@subparagraph=\count172
\c@figure=\count173
\c@table=\count174
\abovecaptionskip=\skip47
\belowcaptionskip=\skip48
\bibindent=\dimen134
)
(/usr/share/texlive/texmf-dist/tex/latex/base/fontenc.sty
Package: fontenc 2020/02/11 v2.0o Standard LaTeX package
)
(/usr/share/texlive/texmf-dist/tex/latex/base/inputenc.sty
Package: inputenc 2018/08/11 v1.3c Input encoding file
\inpenc@prehook=\toks14
\inpenc@posthook=\toks15
)
(/usr/share/texlive/texmf-dist/tex/generic/babel/babel.sty
Package: babel 2020/02/14 3.40 The Babel package

(/usr/share/texlive/texmf-dist/tex/generic/babel/switch.def
File: switch.def 2020/02/14 3.40 Babel switching mechanism
)
(/usr/share/texlive/texmf-dist/tex/generic/babel-portuges/portuges.ldf
Language: portuges 2008/03/18 v1.2q Portuguese support from the babel system

(/usr/share/texlive/texmf-dist/tex/generic/babel/babel.def
File: babel.def 2020/02/14 3.40 Babel common definitions
\babel@savecnt=\count175
\U@D=\dimen135

(/usr/share/texlive/texmf-dist/tex/generic/babel/txtbabel.def)
\bbl@readstream=\read2
\bbl@dirlevel=\count176
)
Package babel Info: Making " an active character on input line 145.
))
(/usr/share/texlive/texmf-dist/tex/latex/tools/indentfirst.sty
Package: indentfirst 1995/11/23 v1.03 Indent first paragraph (DPC)
)
(/usr/share/texlive/texmf-dist/tex/latex/xcolor/xcolor.sty
Package: xcolor 2016/05/11 v2.12 LaTeX color extensions (UK)

(/usr/share/texlive/texmf-dist/tex/latex/graphics-cfg/color.cfg
File: color.cfg 2016/01/02 v1.6 sample color configuration
)
Package xcolor Info: Driver file: pdftex.def on input line 225.

(/usr/share/texlive/texmf-dist/tex/latex/graphics-def/pdftex.def
File: pdftex.def 2018/01/08 v1.0l Graphics/color driver for pdftex
)
(/usr/share/texlive/texmf-dist/tex/latex/colortbl/colortbl.sty
Package: colortbl 2020/01/04 v1.0e Color table columns (DPC)

(/usr/share/texlive/texmf-dist/tex/latex/tools/array.sty
Package: array 2019/08/31 v2.4l Tabular extension package (FMi)
\col@sep=\dimen136
\ar@mcellbox=\box45
\extrarowheight=\dimen137
\NC@list=\toks16
\extratabsurround=\skip49
\backup@length=\skip50
\ar@cellbox=\box46
)
\everycr=\toks17
\minrowclearance=\skip51
)
\rownum=\count177
Package xcolor Info: Model `cmy' substituted by `cmy0' on input line 1348.
Package xcolor Info: Model `hsb' substituted by `rgb' on input line 1352.
Package xcolor Info: Model `RGB' extended on input line 1364.
Package xcolor Info: Model `HTML' substituted by `rgb' on input line 1366.
Package xcolor Info: Model `Hsb' substituted by `hsb' on input line 1367.
Package xcolor Info: Model `tHsb' substituted by `hsb' on input line 1368.
Package xcolor Info: Model `HSB' substituted by `hsb' on input line 1369.
Package xcolor Info: Model `Gray' substituted by `gray' on input line 1370.
Package xcolor Info: Model `wave' substituted by `hsb' on input line 1371.
)
(/usr/share/texlive/texmf-dist/tex/latex/graphics/graphicx.sty
Package: graphicx 2019/11/30 v1.2a Enhanced LaTeX Graphics (DPC,SPQR)

(/usr/share/texlive/texmf-dist/tex/latex/graphics/keyval.sty
Package: keyval 2014/10/28 v1.15 key=value parser (DPC)
\KV@toks@=\toks18
)
(/usr/share/texlive/texmf-dist/tex/latex/graphics/graphics.sty
Package: graphics 2019/11/30 v1.4a Standard LaTeX Graphics (DPC,SPQR)

(/usr/share/texlive/texmf-dist/tex/latex/graphics/trig.sty
Package: trig 2016/01/03 v1.10 sin cos tan (DPC)
)
(/usr/share/texlive/texmf-dist/tex/latex/graphics-cfg/graphics.cfg
File: graphics.cfg 2016/06/04 v1.11 sample graphics configuration
)
Package graphics Info: Driver file: pdftex.def on input line 105.
)
\Gin@req@height=\dimen138
\Gin@req@width=\dimen139
)
(/usr/share/texlive/texmf-dist/tex/latex/geometry/geometry.sty
Package: geometry 2020/01/02 v5.9 Page Geometry

(/usr/share/texlive/texmf-dist/tex/generic/iftex/ifvtex.sty
Package: ifvtex 2019/10/25 v1.7 ifvtex legacy package. Use iftex instead.

(/usr/share/texlive/texmf-dist/tex/generic/iftex/iftex.sty
Package: iftex 2019/11/07 v1.0c TeX engine tests
))
\Gm@cnth=\count178
\Gm@cntv=\count179
\c@Gm@tempcnt=\count180
\Gm@bindingoffset=\dimen140
\Gm@wd@mp=\dimen141
\Gm@odd@mp=\dimen142
\Gm@even@mp=\dimen143
\Gm@layoutwidth=\dimen144
\Gm@layoutheight=\dimen145
\Gm@layouthoffset=\dimen146
\Gm@layoutvoffset=\dimen147
\Gm@dimlist=\toks19
)
(/usr/share/texlive/texmf-dist/tex/latex/biblatex/biblatex.sty
Package: biblatex 2019/12/01 v3.14 programmable bibliographies (PK/MW)

(/usr/share/texlive/texmf-dist/tex/latex/pdftexcmds/pdftexcmds.sty
Package: pdftexcmds 2019/11/24 v0.31 Utility functions of pdfTeX for LuaTeX (HO
)

(/usr/share/texlive/texmf-dist/tex/generic/infwarerr/infwarerr.sty
Package: infwarerr 2019/12/03 v1.5 Providing info/warning/error messages (HO)
)
(/usr/share/texlive/texmf-dist/tex/generic/ltxcmds/ltxcmds.sty
Package: ltxcmds 2019/12/15 v1.24 LaTeX kernel commands for general use (HO)
)
Package pdftexcmds Info: \pdf@primitive is available.
Package pdftexcmds Info: \pdf@ifprimitive is available.
Package pdftexcmds Info: \pdfdraftmode found.
)
(/usr/share/texlive/texmf-dist/tex/latex/etoolbox/etoolbox.sty
Package: etoolbox 2019/09/21 v2.5h e-TeX tools for LaTeX (JAW)
\etb@tempcnta=\count181
)
(/usr/share/texlive/texmf-dist/tex/latex/kvoptions/kvoptions.sty
Package: kvoptions 2019/11/29 v3.13 Key value format for package options (HO)

(/usr/share/texlive/texmf-dist/tex/generic/kvsetkeys/kvsetkeys.sty
Package: kvsetkeys 2019/12/15 v1.18 Key value parser (HO)
))
(/usr/share/texlive/texmf-dist/tex/latex/logreq/logreq.sty
Package: logreq 2010/08/04 v1.0 xml request logger
\lrq@indent=\count182

(/usr/share/texlive/texmf-dist/tex/latex/logreq/logreq.def
File: logreq.def 2010/08/04 v1.0 logreq spec v1.0
))
(/usr/share/texlive/texmf-dist/tex/latex/base/ifthen.sty
Package: ifthen 2014/09/29 v1.1c Standard LaTeX ifthen package (DPC)
)
(/usr/share/texlive/texmf-dist/tex/latex/url/url.sty
\Urlmuskip=\muskip16
Package: url 2013/09/16  ver 3.4  Verb mode for urls, etc.
)
\c@tabx@nest=\count183
\c@listtotal=\count184
\c@listcount=\count185
\c@liststart=\count186
\c@liststop=\count187
\c@citecount=\count188
\c@citetotal=\count189
\c@multicitecount=\count190
\c@multicitetotal=\count191
\c@instcount=\count192
\c@maxnames=\count193
\c@minnames=\count194
\c@maxitems=\count195
\c@minitems=\count196
\c@citecounter=\count197
\c@maxcitecounter=\count198
\c@savedcitecounter=\count199
\c@uniquelist=\count266
\c@uniquename=\count267
\c@refsection=\count268
\c@refsegment=\count269
\c@maxextratitle=\count270
\c@maxextratitleyear=\count271
\c@maxextraname=\count272
\c@maxextradate=\count273
\c@maxextraalpha=\count274
\c@abbrvpenalty=\count275
\c@highnamepenalty=\count276
\c@lownamepenalty=\count277
\c@maxparens=\count278
\c@parenlevel=\count279
\blx@tempcnta=\count280
\blx@tempcntb=\count281
\blx@tempcntc=\count282
\blx@maxsection=\count283
\blx@maxsegment@0=\count284
\blx@notetype=\count285
\blx@parenlevel@text=\count286
\blx@parenlevel@foot=\count287
\blx@sectionciteorder@0=\count288
\blx@entrysetcounter=\count289
\labelnumberwidth=\skip52
\labelalphawidth=\skip53
\biblabelsep=\skip54
\bibitemsep=\skip55
\bibnamesep=\skip56
\bibinitsep=\skip57
\bibparsep=\skip58
\bibhang=\skip59
\blx@bcfin=\read3
\blx@bcfout=\write3
\blx@langwohyphens=\language4
\c@mincomprange=\count290
\c@maxcomprange=\count291
\c@mincompwidth=\count292
Package biblatex Info: Trying to load biblatex default data model...
Package biblatex Info: ... file 'blx-dm.def' found.

(/usr/share/texlive/texmf-dist/tex/latex/biblatex/blx-dm.def
File: blx-dm.def 2019/12/01 v3.14 biblatex localization (PK/MW)
)
Package biblatex Info: Trying to load biblatex custom data model...
Package biblatex Info: ... file 'biblatex-dm.cfg' not found.
\c@afterword=\count293
\c@savedafterword=\count294
\c@annotator=\count295
\c@savedannotator=\count296
\c@author=\count297
\c@savedauthor=\count298
\c@bookauthor=\count299
\c@savedbookauthor=\count300
\c@commentator=\count301
\c@savedcommentator=\count302
\c@editor=\count303
\c@savededitor=\count304
\c@editora=\count305
\c@savededitora=\count306
\c@editorb=\count307
\c@savededitorb=\count308
\c@editorc=\count309
\c@savededitorc=\count310
\c@foreword=\count311
\c@savedforeword=\count312
\c@holder=\count313
\c@savedholder=\count314
\c@introduction=\count315
\c@savedintroduction=\count316
\c@namea=\count317
\c@savednamea=\count318
\c@nameb=\count319
\c@savednameb=\count320
\c@namec=\count321
\c@savednamec=\count322
\c@translator=\count323
\c@savedtranslator=\count324
\c@shortauthor=\count325
\c@savedshortauthor=\count326
\c@shorteditor=\count327
\c@savedshorteditor=\count328
\c@labelname=\count329
\c@savedlabelname=\count330
\c@institution=\count331
\c@savedinstitution=\count332
\c@lista=\count333
\c@savedlista=\count334
\c@listb=\count335
\c@savedlistb=\count336
\c@listc=\count337
\c@savedlistc=\count338
\c@listd=\count339
\c@savedlistd=\count340
\c@liste=\count341
\c@savedliste=\count342
\c@listf=\count343
\c@savedlistf=\count344
\c@location=\count345
\c@savedlocation=\count346
\c@organization=\count347
\c@savedorganization=\count348
\c@origlocation=\count349
\c@savedoriglocation=\count350
\c@origpublisher=\count351
\c@savedorigpublisher=\count352
\c@publisher=\count353
\c@savedpublisher=\count354
\c@language=\count355
\c@savedlanguage=\count356
\c@origlanguage=\count357
\c@savedoriglanguage=\count358
\c@pageref=\count359
\c@savedpageref=\count360
\shorthandwidth=\skip60
\shortjournalwidth=\skip61
\shortserieswidth=\skip62
\shorttitlewidth=\skip63
\shortauthorwidth=\skip64
\shorteditorwidth=\skip65
\locallabelnumberwidth=\skip66
\locallabelalphawidth=\skip67
\localshorthandwidth=\skip68
\localshortjournalwidth=\skip69
\localshortserieswidth=\skip70
\localshorttitlewidth=\skip71
\localshortauthorwidth=\skip72
\localshorteditorwidth=\skip73
Package biblatex Info: Trying to load compatibility code...
Package biblatex Info: ... file 'blx-compat.def' found.

(/usr/share/texlive/texmf-dist/tex/latex/biblatex/blx-compat.def
File: blx-compat.def 2019/12/01 v3.14 biblatex compatibility (PK/MW)
)
Package biblatex Info: Trying to load generic definitions...
Package biblatex Info: ... file 'biblatex.def' found.

(/usr/share/texlive/texmf-dist/tex/latex/biblatex/biblatex.def
File: biblatex.def 2019/12/01 v3.14 biblatex compatibility (PK/MW)
\c@textcitecount=\count361
\c@textcitetotal=\count362
\c@textcitemaxnames=\count363
\c@biburlbigbreakpenalty=\count364
\c@biburlbreakpenalty=\count365
\c@biburlnumpenalty=\count366
\c@biburlucpenalty=\count367
\c@biburllcpenalty=\count368
\biburlbigskip=\muskip17
\biburlnumskip=\muskip18
\biburlucskip=\muskip19
\biburllcskip=\muskip20
\c@smartand=\count369
)
Package biblatex Info: Trying to load bibliography style 'numeric'...
Package biblatex Info: ... file 'numeric.bbx' found.

(/usr/share/texlive/texmf-dist/tex/latex/biblatex/bbx/numeric.bbx
File: numeric.bbx 2019/12/01 v3.14 biblatex bibliography style (PK/MW)
Package biblatex Info: Trying to load bibliography style 'standard'...
Package biblatex Info: ... file 'standard.bbx' found.

(/usr/share/texlive/texmf-dist/tex/latex/biblatex/bbx/standard.bbx
File: standard.bbx 2019/12/01 v3.14 biblatex bibliography style (PK/MW)
\c@bbx:relatedcount=\count370
\c@bbx:relatedtotal=\count371
))
Package biblatex Info: Trying to load citation style 'numeric'...
Package biblatex Info: ... file 'numeric.cbx' found.

(/usr/share/texlive/texmf-dist/tex/latex/biblatex/cbx/numeric.cbx
File: numeric.cbx 2019/12/01 v3.14 biblatex citation style (PK/MW)
Package biblatex Info: Redefining '\cite'.
Package biblatex Info: Redefining '\parencite'.
Package biblatex Info: Redefining '\footcite'.
Package biblatex Info: Redefining '\footcitetext'.
Package biblatex Info: Redefining '\smartcite'.
Package biblatex Info: Redefining '\supercite'.
Package biblatex Info: Redefining '\textcite'.
Package biblatex Info: Redefining '\textcites'.
Package biblatex Info: Redefining '\cites'.
Package biblatex Info: Redefining '\parencites'.
Package biblatex Info: Redefining '\smartcites'.
)
Package biblatex Info: Trying to load configuration file...
Package biblatex Info: ... file 'biblatex.cfg' found.

(/usr/share/texlive/texmf-dist/tex/latex/biblatex/biblatex.cfg
File: biblatex.cfg 
))

Package biblatex Warning: 'babel/polyglossia' detected but 'csquotes' missing.
(biblatex)                Loading 'csquotes' recommended.

\@quotelevel=\count372
\@quotereset=\count373
(/usr/share/texlive/texmf-dist/tex/latex/l3backend/l3backend-pdfmode.def
File: l3backend-pdfmode.def 2020-02-03 L3 backend support: PDF mode
\l__kernel_color_stack_int=\count374
\l__pdf_internal_box=\box47
)
(./Assignment1.aux)
\openout1 = `Assignment1.aux'.

LaTeX Font Info:    Checking defaults for OML/cmm/m/it on input line 28.
LaTeX Font Info:    ... okay on input line 28.
LaTeX Font Info:    Checking defaults for OMS/cmsy/m/n on input line 28.
LaTeX Font Info:    ... okay on input line 28.
LaTeX Font Info:    Checking defaults for OT1/cmr/m/n on input line 28.
LaTeX Font Info:    ... okay on input line 28.
LaTeX Font Info:    Checking defaults for T1/cmr/m/n on input line 28.
LaTeX Font Info:    ... okay on input line 28.
LaTeX Font Info:    Checking defaults for TS1/cmr/m/n on input line 28.
LaTeX Font Info:    ... okay on input line 28.
LaTeX Font Info:    Checking defaults for OMX/cmex/m/n on input line 28.
LaTeX Font Info:    ... okay on input line 28.
LaTeX Font Info:    Checking defaults for U/cmr/m/n on input line 28.
LaTeX Font Info:    ... okay on input line 28.

(/usr/share/texlive/texmf-dist/tex/context/base/mkii/supp-pdf.mkii
[Loading MPS to PDF converter (version 2006.09.02).]
\scratchcounter=\count375
\scratchdimen=\dimen148
\scratchbox=\box48
\nofMPsegments=\count376
\nofMParguments=\count377
\everyMPshowfont=\toks20
\MPscratchCnt=\count378
\MPscratchDim=\dimen149
\MPnumerator=\count379
\makeMPintoPDFobject=\count380
\everyMPtoPDFconversion=\toks21
) (/usr/share/texlive/texmf-dist/tex/latex/epstopdf-pkg/epstopdf-base.sty
Package: epstopdf-base 2020-01-24 v2.11 Base part for package epstopdf

(/usr/share/texlive/texmf-dist/tex/latex/grfext/grfext.sty
Package: grfext 2019/12/03 v1.3 Manage graphics extensions (HO)

(/usr/share/texlive/texmf-dist/tex/generic/kvdefinekeys/kvdefinekeys.sty
Package: kvdefinekeys 2019-12-19 v1.6 Define keys (HO)
))
Package epstopdf-base Info: Redefining graphics rule for `.eps' on input line 4
85.
Package grfext Info: Graphics extension search list:
(grfext)             [.pdf,.png,.jpg,.mps,.jpeg,.jbig2,.jb2,.PDF,.PNG,.JPG,.JPE
G,.JBIG2,.JB2,.eps]
(grfext)             \AppendGraphicsExtensions on input line 504.

(/usr/share/texlive/texmf-dist/tex/latex/latexconfig/epstopdf-sys.cfg
File: epstopdf-sys.cfg 2010/07/13 v1.3 Configuration of (r)epstopdf for TeX Liv
e
))
*geometry* driver: auto-detecting
*geometry* detected driver: pdftex
*geometry* verbose mode - [ preamble ] result:
* driver: pdftex
* paper: a4paper
* layout: <same size as paper>
* layoutoffset:(h,v)=(0.0pt,0.0pt)
* modes: 
* h-part:(L,W,R)=(71.13188pt, 455.24411pt, 71.13188pt)
* v-part:(T,H,B)=(71.13188pt, 702.78308pt, 71.13188pt)
* \paperwidth=597.50787pt
* \paperheight=845.04684pt
* \textwidth=455.24411pt
* \textheight=702.78308pt
* \oddsidemargin=-1.1381pt
* \evensidemargin=-1.1381pt
* \topmargin=-38.1381pt
* \headheight=12.0pt
* \headsep=25.0pt
* \topskip=12.0pt
* \footskip=30.0pt
* \marginparwidth=35.0pt
* \marginparsep=10.0pt
* \columnsep=10.0pt
* \skip\footins=10.8pt plus 4.0pt minus 2.0pt
* \hoffset=0.0pt
* \voffset=0.0pt
* \mag=1000
* \@twocolumnfalse
* \@twosidefalse
* \@mparswitchfalse
* \@reversemarginfalse
* (1in=72.27pt=25.4mm, 1cm=28.453pt)

Package biblatex Info: Trying to load language 'portuguese'...
Package biblatex Info: ... file 'portuguese.lbx' found.
(/usr/share/texlive/texmf-dist/tex/latex/biblatex/lbx/portuguese.lbx
File: portuguese.lbx 2019/12/01 v3.14 biblatex localization (PK/MW)
)
Package biblatex Info: Input encoding 'utf8' detected.
Package biblatex Info: Automatic encoding selection.
(biblatex)             Assuming data encoding 'utf8'.
\openout3 = `Assignment1.bcf'.

Package biblatex Info: Trying to load bibliographic data...
Package biblatex Info: ... file 'Assignment1.bbl' found.

(./Assignment1.bbl)
Package biblatex Info: Reference section=0 on input line 28.
Package biblatex Info: Reference segment=0 on input line 28.
LaTeX Font Info:    External font `cmex10' loaded for size
(Font)              <14.4> on input line 32.
LaTeX Font Info:    External font `cmex10' loaded for size
(Font)              <7> on input line 32.
<./Figures/score_continents.pdf, id=1, 825.72546pt x 426.87103pt>
File: ./Figures/score_continents.pdf Graphic file (type pdf)
<use ./Figures/score_continents.pdf>
Package pdftex.def Info: ./Figures/score_continents.pdf  used on input line 85.

(pdftex.def)             Requested size: 371.57303pt x 192.09018pt.


LaTeX Warning: `h' float specifier changed to `ht'.

<./Figures/score-worldmap.pdf, id=2, 903.375pt x 526.96875pt>
File: ./Figures/score-worldmap.pdf Graphic file (type pdf)
<use ./Figures/score-worldmap.pdf>
Package pdftex.def Info: ./Figures/score-worldmap.pdf  used on input line 98.
(pdftex.def)             Requested size: 361.3436pt x 210.78375pt.
[1

{/var/lib/texmf/fonts/map/pdftex/updmap/pdftex.map}]
<./Figures/variables-continents.pdf, id=14, 1453.9674pt x 593.60344pt>
File: ./Figures/variables-continents.pdf Graphic file (type pdf)
<use ./Figures/variables-continents.pdf>
Package pdftex.def Info: ./Figures/variables-continents.pdf  used on input line
 116.
(pdftex.def)             Requested size: 436.19359pt x 178.0824pt.


LaTeX Warning: `h' float specifier changed to `ht'.

[2 <./Figures/score_continents.pdf> <./Figures/score-worldmap.pdf

pdfTeX warning: pdflatex (file ./Figures/score-worldmap.pdf): PDF inclusion: mu
ltiple pdfs with page group included in a single page
>]
LaTeX Font Info:    External font `cmex10' loaded for size
(Font)              <12> on input line 163.
LaTeX Font Info:    External font `cmex10' loaded for size
(Font)              <8> on input line 163.
LaTeX Font Info:    External font `cmex10' loaded for size
(Font)              <6> on input line 163.

Overfull \hbox (31.60683pt too wide) in paragraph at lines 163--179
 [][] 
 []

<./Figures/boxplots3.pdf, id=41, 1073.70667pt x 863.38184pt>
File: ./Figures/boxplots3.pdf Graphic file (type pdf)
<use ./Figures/boxplots3.pdf>
Package pdftex.def Info: ./Figures/boxplots3.pdf  used on input line 191.
(pdftex.def)             Requested size: 461.68486pt x 371.24695pt.

Overfull \hbox (6.44075pt too wide) in paragraph at lines 191--193
 [][] 
 []

[3 <./Figures/variables-continents.pdf>]

LaTeX Warning: Text page 4 contains only floats.

[4 <./Figures/boxplots3.pdf>]
<./Figures/pairplots.pdf, id=326, 1371.02338pt x 1242.98386pt>
File: ./Figures/pairplots.pdf Graphic file (type pdf)
<use ./Figures/pairplots.pdf>
Package pdftex.def Info: ./Figures/pairplots.pdf  used on input line 228.
(pdftex.def)             Requested size: 479.86537pt x 435.05087pt.

Overfull \hbox (24.62126pt too wide) in paragraph at lines 228--230
 [][] 
 []

[5 <./Figures/pairplots.pdf>]
<./Figures/corrmap.pdf, id=20245, 694.83057pt x 717.93298pt>
File: ./Figures/corrmap.pdf Graphic file (type pdf)
<use ./Figures/corrmap.pdf>
Package pdftex.def Info: ./Figures/corrmap.pdf  used on input line 249.
(pdftex.def)             Requested size: 416.90155pt x 430.7631pt.
 [6 <./Figures/corrmap.pdf>]
<./Figures/PrincipalComponents.pdf, id=20405, 1227.36668pt x 427.9355pt>
File: ./Figures/PrincipalComponents.pdf Graphic file (type pdf)
<use ./Figures/PrincipalComponents.pdf>
Package pdftex.def Info: ./Figures/PrincipalComponents.pdf  used on input line 
342.
(pdftex.def)             Requested size: 454.11856pt x 158.33365pt.


LaTeX Warning: `h' float specifier changed to `ht'.

[7]
<./Figures/VariableFactorMap1.pdf, id=20416, 742.93808pt x 725.82385pt>
File: ./Figures/VariableFactorMap1.pdf Graphic file (type pdf)
<use ./Figures/VariableFactorMap1.pdf>
Package pdftex.def Info: ./Figures/VariableFactorMap1.pdf  used on input line 3
84.
(pdftex.def)             Requested size: 297.16997pt x 290.3244pt.


LaTeX Warning: `h' float specifier changed to `ht'.


Overfull \hbox (13.7686pt too wide) in paragraph at lines 398--409
 [][] 
 []


LaTeX Warning: `h' float specifier changed to `ht'.

<./Figures/VariableFactorMap2.pdf, id=20417, 786.38629pt x 725.82385pt>
File: ./Figures/VariableFactorMap2.pdf Graphic file (type pdf)
<use ./Figures/VariableFactorMap2.pdf>
Package pdftex.def Info: ./Figures/VariableFactorMap2.pdf  used on input line 4
21.
(pdftex.def)             Requested size: 314.54893pt x 290.3244pt.

LaTeX Warning: `!h' float specifier changed to `!ht'.

[8 <./Figures/PrincipalComponents.pdf>]
<./Figures/IndividualsMap.pdf, id=20486, 1170.19214pt x 1136.20114pt>
File: ./Figures/IndividualsMap.pdf Graphic file (type pdf)
<use ./Figures/IndividualsMap.pdf>
Package pdftex.def Info: ./Figures/IndividualsMap.pdf  used on input line 439.
(pdftex.def)             Requested size: 468.06856pt x 454.4724pt.

Overfull \hbox (12.82445pt too wide) in paragraph at lines 439--441
 [][] 
 []


LaTeX Warning: `!h' float specifier changed to `!ht'.

[9 <./Figures/VariableFactorMap1.pdf>]
LaTeX Font Info:    Trying to load font information for T1+cmtt on input line 4
69.

(/usr/share/texlive/texmf-dist/tex/latex/base/t1cmtt.fd
File: t1cmtt.fd 2019/12/16 v2.5j Standard LaTeX font definitions
) [10 <./Figures/VariableFactorMap2.pdf>] [11 <./Figures/IndividualsMap.pdf>] (
./Assignment1.aux)
Package logreq Info: Writing requests to 'Assignment1.run.xml'.
\openout1 = `Assignment1.run.xml'.

 ) 
Here is how much of TeX's memory you used:
 10600 strings out of 483163
 186172 string characters out of 5965511
 828896 words of memory out of 5000000
 25503 multiletter control sequences out of 15000+600000
 544795 words of font info for 49 fonts, out of 8000000 for 9000
 16 hyphenation exceptions out of 8191
 36i,16n,45p,824b,1556s stack positions out of 5000i,500n,10000p,200000b,80000s
 </home/miguel/.texlive2019/texmf-var/fonts/pk/ljfour/jknappen/ec/ectt1200.60
0pk> </home/miguel/.texlive2019/texmf-var/fonts/pk/ljfour/jknappen/ec/eccc1200.
600pk> </home/miguel/.texlive2019/texmf-var/fonts/pk/ljfour/jknappen/ec/ecbx120
0.600pk> </home/miguel/.texlive2019/texmf-var/fonts/pk/ljfour/jknappen/ec/ecbi1
728.600pk> </home/miguel/.texlive2019/texmf-var/fonts/pk/ljfour/jknappen/ec/ecb
i1200.600pk> </home/miguel/.texlive2019/texmf-var/fonts/pk/ljfour/jknappen/ec/t
crm1200.600pk> </home/miguel/.texlive2019/texmf-var/fonts/pk/ljfour/jknappen/ec
/ecbx1440.600pk> </home/miguel/.texlive2019/texmf-var/fonts/pk/ljfour/jknappen/
ec/ecti1200.600pk> </home/miguel/.texlive2019/texmf-var/fonts/pk/ljfour/jknappe
n/ec/ecrm1200.600pk> </home/miguel/.texlive2019/texmf-var/fonts/pk/ljfour/jknap
pen/ec/ecbx1728.600pk> </home/miguel/.texlive2019/texmf-var/fonts/pk/ljfour/jkn
appen/ec/ecrm1440.600pk> </home/miguel/.texlive2019/texmf-var/fonts/pk/ljfour/j
knappen/ec/ecrm2074.600pk></usr/share/texlive/texmf-dist/fonts/type1/public/ams
fonts/cm/cmr12.pfb></usr/share/texlive/texmf-dist/fonts/type1/public/amsfonts/c
m/cmr8.pfb></usr/share/texlive/texmf-dist/fonts/type1/public/amsfonts/cm/cmsy10
.pfb></usr/share/texlive/texmf-dist/fonts/type1/public/amsfonts/cm/cmsy8.pfb>
Output written on Assignment1.pdf (11 pages, 4272646 bytes).
PDF statistics:
 21423 PDF objects out of 22161 (max. 8388607)
 13983 compressed objects within 140 object streams
 0 named destinations out of 1000 (max. 500000)
 51 words of extra memory for PDF output out of 10000 (max. 10000000)

